<?xml version="1.0" encoding="UTF-8"?>
<!-- Generated by org.testng.reporters.JUnitXMLReporter -->
<testsuite hostname="Dors-MBP" ignored="0" name="Default test" tests="3" failures="0" timestamp="28 Jul 2019 04:39:55 GMT" time="0.047" errors="0">
  <testcase name="@BeforeTest startSession" time="0.0" classname="utilies.commonOps">
    <failure type="org.testng.TestNGException" message="
Parameter &amp;apos;platform&amp;apos; is required by BeforeTest on method startSession but has not been marked @Optional or defined
in /private/var/folders/6w/hfnxmvnj07b_yt59fzdz5jm40000gn/T/testng-eclipse-798785117/testng-customsuite.xml">
      <![CDATA[org.testng.TestNGException: 
Parameter 'platform' is required by BeforeTest on method startSession but has not been marked @Optional or defined
in /private/var/folders/6w/hfnxmvnj07b_yt59fzdz5jm40000gn/T/testng-eclipse-798785117/testng-customsuite.xml
at org.testng.internal.Parameters.createParams(Parameters.java:290)
at org.testng.internal.Parameters.createParametersForMethod(Parameters.java:359)
at org.testng.internal.Parameters.createParameters(Parameters.java:620)
at org.testng.internal.Parameters.createConfigurationParameters(Parameters.java:190)
at org.testng.internal.Invoker.invokeConfigurations(Invoker.java:209)
at org.testng.internal.Invoker.invokeConfigurations(Invoker.java:142)
at org.testng.TestRunner.beforeRun(TestRunner.java:529)
at org.testng.TestRunner.run(TestRunner.java:497)
at org.testng.SuiteRunner.runTest(SuiteRunner.java:455)
at org.testng.SuiteRunner.runSequentially(SuiteRunner.java:450)
at org.testng.SuiteRunner.privateRun(SuiteRunner.java:415)
at org.testng.SuiteRunner.run(SuiteRunner.java:364)
at org.testng.SuiteRunnerWorker.runSuite(SuiteRunnerWorker.java:52)
at org.testng.SuiteRunnerWorker.run(SuiteRunnerWorker.java:84)
at org.testng.TestNG.runSuitesSequentially(TestNG.java:1208)
at org.testng.TestNG.runSuitesLocally(TestNG.java:1137)
at org.testng.TestNG.runSuites(TestNG.java:1049)
at org.testng.TestNG.run(TestNG.java:1017)
at org.testng.remote.AbstractRemoteTestNG.run(AbstractRemoteTestNG.java:114)
at org.testng.remote.RemoteTestNG.initAndRun(RemoteTestNG.java:251)
at org.testng.remote.RemoteTestNG.main(RemoteTestNG.java:77)
]]>
    </failure>
  </testcase> <!-- @BeforeTest startSession -->
  <testcase name="@BeforeMethod doBeforeTest" time="0.0" classname="utilies.commonOps">
    <skipped/>
  </testcase> <!-- @BeforeMethod doBeforeTest -->
  <testcase name="@AfterMethod doAfterTest" time="0.0" classname="utilies.commonOps">
    <skipped/>
  </testcase> <!-- @AfterMethod doAfterTest -->
  <testcase name="@BeforeMethod doBeforeTest" time="0.0" classname="utilies.commonOps">
    <skipped/>
  </testcase> <!-- @BeforeMethod doBeforeTest -->
  <testcase name="@AfterMethod doAfterTest" time="0.0" classname="utilies.commonOps">
    <skipped/>
  </testcase> <!-- @AfterMethod doAfterTest -->
  <testcase name="@BeforeMethod doBeforeTest" time="0.0" classname="utilies.commonOps">
    <skipped/>
  </testcase> <!-- @BeforeMethod doBeforeTest -->
  <testcase name="@AfterMethod doAfterTest" time="0.0" classname="utilies.commonOps">
    <skipped/>
  </testcase> <!-- @AfterMethod doAfterTest -->
  <testcase name="@AfterTest closeSession" time="0.0" classname="utilies.commonOps">
    <skipped/>
  </testcase> <!-- @AfterTest closeSession -->
  <testcase name="test01_searchWiki" time="0.0" classname="tests.wikiSearch">
    <skipped/>
  </testcase> <!-- test01_searchWiki -->
  <testcase name="test02_dbQrueyWiki" time="0.0" classname="tests.wikiSearch">
    <skipped/>
  </testcase> <!-- test02_dbQrueyWiki -->
  <testcase name="test02_dorpWiki" time="0.0" classname="tests.wikiSearch">
    <skipped/>
  </testcase> <!-- test02_dorpWiki -->
</testsuite> <!-- Default test -->
