<?xml version="1.0" encoding="UTF-8"?>
<!-- Generated by org.testng.reporters.JUnitXMLReporter -->
<testsuite hostname="Dors-MBP" ignored="0" name="Electorntest" tests="1" failures="0" timestamp="09 Oct 2019 13:30:01 GMT" time="0.015" errors="0">
  <testcase name="@BeforeTest startSession" time="0.014" classname="utilies.commonOps">
    <failure type="java.lang.IllegalStateException" message="The driver executable does not exist: /Users/doringber/Downloads/Chrome Downloads/selenium/chromedriver-v3.1.2-mas-x64- electron/chromedriver">
      <![CDATA[java.lang.IllegalStateException: The driver executable does not exist: /Users/doringber/Downloads/Chrome Downloads/selenium/chromedriver-v3.1.2-mas-x64- electron/chromedriver
	at com.google.common.base.Preconditions.checkState(Preconditions.java:618)
	at org.openqa.selenium.remote.service.DriverService.checkExecutable(DriverService.java:136)
	at org.openqa.selenium.remote.service.DriverService.findExecutable(DriverService.java:131)
	at org.openqa.selenium.chrome.ChromeDriverService.access$000(ChromeDriverService.java:32)
	at org.openqa.selenium.chrome.ChromeDriverService$Builder.findDefaultExecutable(ChromeDriverService.java:137)
	at org.openqa.selenium.remote.service.DriverService$Builder.build(DriverService.java:329)
	at org.openqa.selenium.chrome.ChromeDriverService.createDefaultService(ChromeDriverService.java:88)
	at org.openqa.selenium.chrome.ChromeDriver.<init>(ChromeDriver.java:146)
	at utilies.commonOps.initElectronDriver(commonOps.java:130)
	at utilies.commonOps.startSession(commonOps.java:197)
... Removed 22 stack frames]]>
    </failure>
  </testcase> <!-- @BeforeTest startSession -->
  <testcase name="@BeforeMethod doBeforeTest" time="0.0" classname="utilies.commonOps">
    <skipped/>
  </testcase> <!-- @BeforeMethod doBeforeTest -->
  <testcase name="@AfterMethod doAfterTest" time="0.0" classname="utilies.commonOps">
    <skipped/>
  </testcase> <!-- @AfterMethod doAfterTest -->
  <testcase name="@AfterTest closeSession" time="0.0" classname="utilies.commonOps">
    <skipped/>
  </testcase> <!-- @AfterTest closeSession -->
  <testcase name="test04_GetInfoElectron" time="0.0" classname="tests.electronDemo">
    <skipped/>
  </testcase> <!-- test04_GetInfoElectron -->
</testsuite> <!-- Electorntest -->
