<!DOCTYPE html PUBLIC "-//W3C//DTD XHTML 1.1//EN" "http://www.w3.org/TR/xhtml11/DTD/xhtml11.dtd">
<html xmlns="http://www.w3.org/1999/xhtml">
<head>
<meta http-equiv="content-type" content="text/html; charset=UTF-8"/>
<title>TestNG Report</title>
<style type="text/css">table {margin-bottom:10px;border-collapse:collapse;empty-cells:show}th,td {border:1px solid #009;padding:.25em .5em}th {vertical-align:bottom}td {vertical-align:top}table a {font-weight:bold}.stripe td {background-color: #E6EBF9}.num {text-align:right}.passedodd td {background-color: #3F3}.passedeven td {background-color: #0A0}.skippedodd td {background-color: #DDD}.skippedeven td {background-color: #CCC}.failedodd td,.attn {background-color: #F33}.failedeven td,.stripe .attn {background-color: #D00}.stacktrace {white-space:pre;font-family:monospace}.totop {font-size:85%;text-align:center;border-bottom:2px solid #000}.invisible {display:none}</style>
</head>
<body>
<table>
<tr><th>Test</th><th># Passed</th><th># Skipped</th><th># Failed</th><th>Time (ms)</th><th>Included Groups</th><th>Excluded Groups</th></tr>
<tr><th colspan="7">Suite</th></tr>
<tr><td><a href="#t0">WebTest</a></td><td class="num">0</td><td class="num attn">3</td><td class="num">0</td><td class="num">102</td><td></td><td></td></tr>
<tr class="stripe"><td><a href="#t1">APItest</a></td><td class="num">0</td><td class="num attn">1</td><td class="num">0</td><td class="num">5</td><td></td><td></td></tr>
<tr><td><a href="#t2">Electorntest</a></td><td class="num">0</td><td class="num attn">1</td><td class="num">0</td><td class="num">15</td><td></td><td></td></tr>
<tr><th>Total</th><th class="num">0</th><th class="num attn">5</th><th class="num">0</th><th class="num">122</th><th colspan="2"></th></tr>
</table>
<table id='summary'><thead><tr><th>Class</th><th>Method</th><th>Start</th><th>Time (ms)</th></tr></thead><tbody><tr><th colspan="4">Suite</th></tr></tbody><tbody id="t0"><tr><th colspan="4">WebTest &#8212; failed (configuration methods)</th></tr><tr class="failedeven"><td rowspan="1">tests.wikiSearch</td><td><a href="#m0">startSession</a></td><td rowspan="1">1570627801688</td><td rowspan="1">93</td></tr><tr><th colspan="4">WebTest &#8212; skipped (configuration methods)</th></tr><tr class="skippedeven"><td rowspan="7">tests.wikiSearch</td><td><a href="#m1">closeSession</a></td><td rowspan="1">1570627801789</td><td rowspan="1">0</td></tr><tr class="skippedeven"><td><a href="#m2">doAfterTest</a></td><td rowspan="3">1570627801788</td><td rowspan="3">0</td></tr><tr class="skippedeven"><td><a href="#m3">doAfterTest</a></td></tr><tr class="skippedeven"><td><a href="#m4">doAfterTest</a></td></tr><tr class="skippedeven"><td><a href="#m5">doBeforeTest</a></td><td rowspan="3">1570627801788</td><td rowspan="3">0</td></tr><tr class="skippedeven"><td><a href="#m6">doBeforeTest</a></td></tr><tr class="skippedeven"><td><a href="#m7">doBeforeTest</a></td></tr><tr><th colspan="4">WebTest &#8212; skipped</th></tr><tr class="skippedeven"><td rowspan="3">tests.wikiSearch</td><td><a href="#m8">test01_searchWiki</a></td><td rowspan="1">1570627801787</td><td rowspan="1">0</td></tr><tr class="skippedeven"><td><a href="#m9">test02_dbQrueyWiki</a></td><td rowspan="1">1570627801787</td><td rowspan="1">0</td></tr><tr class="skippedeven"><td><a href="#m10">test02_dorpWiki</a></td><td rowspan="1">1570627801788</td><td rowspan="1">0</td></tr></tbody>
<tbody id="t1"><tr><th colspan="4">APItest &#8212; failed (configuration methods)</th></tr><tr class="failedeven"><td rowspan="1">tests.studens</td><td><a href="#m11">startSession</a></td><td rowspan="1">1570627801812</td><td rowspan="1">4</td></tr><tr><th colspan="4">APItest &#8212; skipped (configuration methods)</th></tr><tr class="skippedeven"><td rowspan="3">tests.studens</td><td><a href="#m12">closeSession</a></td><td rowspan="1">1570627801817</td><td rowspan="1">0</td></tr><tr class="skippedeven"><td><a href="#m13">doAfterTest</a></td><td rowspan="1">1570627801817</td><td rowspan="1">0</td></tr><tr class="skippedeven"><td><a href="#m14">doBeforeTest</a></td><td rowspan="1">1570627801817</td><td rowspan="1">0</td></tr><tr><th colspan="4">APItest &#8212; skipped</th></tr><tr class="skippedeven"><td rowspan="1">tests.studens</td><td><a href="#m15">test03_VerifyStudentCreated</a></td><td rowspan="1">1570627801817</td><td rowspan="1">0</td></tr></tbody>
<tbody id="t2"><tr><th colspan="4">Electorntest &#8212; failed (configuration methods)</th></tr><tr class="failedeven"><td rowspan="1">tests.electronDemo</td><td><a href="#m16">startSession</a></td><td rowspan="1">1570627801822</td><td rowspan="1">14</td></tr><tr><th colspan="4">Electorntest &#8212; skipped (configuration methods)</th></tr><tr class="skippedeven"><td rowspan="4">tests.electronDemo</td><td><a href="#m17">afterSutie</a></td><td rowspan="1">1570627801842</td><td rowspan="1">0</td></tr><tr class="skippedeven"><td><a href="#m18">closeSession</a></td><td rowspan="1">1570627801837</td><td rowspan="1">0</td></tr><tr class="skippedeven"><td><a href="#m19">doAfterTest</a></td><td rowspan="1">1570627801837</td><td rowspan="1">0</td></tr><tr class="skippedeven"><td><a href="#m20">doBeforeTest</a></td><td rowspan="1">1570627801836</td><td rowspan="1">0</td></tr><tr><th colspan="4">Electorntest &#8212; skipped</th></tr><tr class="skippedeven"><td rowspan="1">tests.electronDemo</td><td><a href="#m21">test04_GetInfoElectron</a></td><td rowspan="1">1570627801836</td><td rowspan="1">0</td></tr></tbody>
</table>
<h2>WebTest</h2><h3 id="m0">tests.wikiSearch#startSession</h3><table class="result"><tr class="param"><th>Parameter #1</th></tr><tr class="param stripe"><td>web</td></tr><tr><th>Exception</th></tr><tr><td><div class="stacktrace">java.lang.IllegalStateException: The driver executable does not exist: /Users/doringber/Downloads/Chrome Downloads/selenium/chromedriver
	at com.google.common.base.Preconditions.checkState(Preconditions.java:618)
	at org.openqa.selenium.remote.service.DriverService.checkExecutable(DriverService.java:136)
	at org.openqa.selenium.remote.service.DriverService.findExecutable(DriverService.java:131)
	at org.openqa.selenium.chrome.ChromeDriverService.access$000(ChromeDriverService.java:32)
	at org.openqa.selenium.chrome.ChromeDriverService$Builder.findDefaultExecutable(ChromeDriverService.java:137)
	at org.openqa.selenium.remote.service.DriverService$Builder.build(DriverService.java:329)
	at org.openqa.selenium.chrome.ChromeDriverService.createDefaultService(ChromeDriverService.java:88)
	at org.openqa.selenium.chrome.ChromeDriver.&lt;init&gt;(ChromeDriver.java:124)
	at utilies.commonOps.initChromeDriver(commonOps.java:98)
	at utilies.commonOps.initBrowesr(commonOps.java:58)
	at utilies.commonOps.startSession(commonOps.java:190)
... Removed 22 stack frames</div></td></tr></table><p class="totop"><a href="#summary">back to summary</a></p>
<h3 id="m1">tests.wikiSearch#closeSession</h3><table class="result"><tr><th class="invisible"/></tr></table><p class="totop"><a href="#summary">back to summary</a></p>
<h3 id="m2">tests.wikiSearch#doAfterTest</h3><table class="result"><tr><th class="invisible"/></tr></table><p class="totop"><a href="#summary">back to summary</a></p>
<h3 id="m3">tests.wikiSearch#doAfterTest</h3><table class="result"><tr><th class="invisible"/></tr></table><p class="totop"><a href="#summary">back to summary</a></p>
<h3 id="m4">tests.wikiSearch#doAfterTest</h3><table class="result"><tr><th class="invisible"/></tr></table><p class="totop"><a href="#summary">back to summary</a></p>
<h3 id="m5">tests.wikiSearch#doBeforeTest</h3><table class="result"><tr><th class="invisible"/></tr></table><p class="totop"><a href="#summary">back to summary</a></p>
<h3 id="m6">tests.wikiSearch#doBeforeTest</h3><table class="result"><tr><th class="invisible"/></tr></table><p class="totop"><a href="#summary">back to summary</a></p>
<h3 id="m7">tests.wikiSearch#doBeforeTest</h3><table class="result"><tr><th class="invisible"/></tr></table><p class="totop"><a href="#summary">back to summary</a></p>
<h3 id="m8">tests.wikiSearch#test01_searchWiki</h3><table class="result"><tr><th>Exception</th></tr><tr><td><div class="stacktrace">java.lang.IllegalStateException: The driver executable does not exist: /Users/doringber/Downloads/Chrome Downloads/selenium/chromedriver
	at com.google.common.base.Preconditions.checkState(Preconditions.java:618)
	at org.openqa.selenium.remote.service.DriverService.checkExecutable(DriverService.java:136)
	at org.openqa.selenium.remote.service.DriverService.findExecutable(DriverService.java:131)
	at org.openqa.selenium.chrome.ChromeDriverService.access$000(ChromeDriverService.java:32)
	at org.openqa.selenium.chrome.ChromeDriverService$Builder.findDefaultExecutable(ChromeDriverService.java:137)
	at org.openqa.selenium.remote.service.DriverService$Builder.build(DriverService.java:329)
	at org.openqa.selenium.chrome.ChromeDriverService.createDefaultService(ChromeDriverService.java:88)
	at org.openqa.selenium.chrome.ChromeDriver.&lt;init&gt;(ChromeDriver.java:124)
	at utilies.commonOps.initChromeDriver(commonOps.java:98)
	at utilies.commonOps.initBrowesr(commonOps.java:58)
	at utilies.commonOps.startSession(commonOps.java:190)
... Removed 22 stack frames</div></td></tr></table><p class="totop"><a href="#summary">back to summary</a></p>
<h3 id="m9">tests.wikiSearch#test02_dbQrueyWiki</h3><table class="result"><tr><th>Exception</th></tr><tr><td><div class="stacktrace">java.lang.IllegalStateException: The driver executable does not exist: /Users/doringber/Downloads/Chrome Downloads/selenium/chromedriver
	at com.google.common.base.Preconditions.checkState(Preconditions.java:618)
	at org.openqa.selenium.remote.service.DriverService.checkExecutable(DriverService.java:136)
	at org.openqa.selenium.remote.service.DriverService.findExecutable(DriverService.java:131)
	at org.openqa.selenium.chrome.ChromeDriverService.access$000(ChromeDriverService.java:32)
	at org.openqa.selenium.chrome.ChromeDriverService$Builder.findDefaultExecutable(ChromeDriverService.java:137)
	at org.openqa.selenium.remote.service.DriverService$Builder.build(DriverService.java:329)
	at org.openqa.selenium.chrome.ChromeDriverService.createDefaultService(ChromeDriverService.java:88)
	at org.openqa.selenium.chrome.ChromeDriver.&lt;init&gt;(ChromeDriver.java:124)
	at utilies.commonOps.initChromeDriver(commonOps.java:98)
	at utilies.commonOps.initBrowesr(commonOps.java:58)
	at utilies.commonOps.startSession(commonOps.java:190)
... Removed 22 stack frames</div></td></tr></table><p class="totop"><a href="#summary">back to summary</a></p>
<h3 id="m10">tests.wikiSearch#test02_dorpWiki</h3><table class="result"><tr><th>Exception</th></tr><tr><td><div class="stacktrace">java.lang.IllegalStateException: The driver executable does not exist: /Users/doringber/Downloads/Chrome Downloads/selenium/chromedriver
	at com.google.common.base.Preconditions.checkState(Preconditions.java:618)
	at org.openqa.selenium.remote.service.DriverService.checkExecutable(DriverService.java:136)
	at org.openqa.selenium.remote.service.DriverService.findExecutable(DriverService.java:131)
	at org.openqa.selenium.chrome.ChromeDriverService.access$000(ChromeDriverService.java:32)
	at org.openqa.selenium.chrome.ChromeDriverService$Builder.findDefaultExecutable(ChromeDriverService.java:137)
	at org.openqa.selenium.remote.service.DriverService$Builder.build(DriverService.java:329)
	at org.openqa.selenium.chrome.ChromeDriverService.createDefaultService(ChromeDriverService.java:88)
	at org.openqa.selenium.chrome.ChromeDriver.&lt;init&gt;(ChromeDriver.java:124)
	at utilies.commonOps.initChromeDriver(commonOps.java:98)
	at utilies.commonOps.initBrowesr(commonOps.java:58)
	at utilies.commonOps.startSession(commonOps.java:190)
... Removed 22 stack frames</div></td></tr></table><p class="totop"><a href="#summary">back to summary</a></p>
<h2>APItest</h2><h3 id="m11">tests.studens#startSession</h3><table class="result"><tr class="param"><th>Parameter #1</th></tr><tr class="param stripe"><td>api</td></tr><tr><th>Exception</th></tr><tr><td><div class="stacktrace">java.lang.NoClassDefFoundError: io/restassured/RestAssured
	at utilies.commonOps.initAPI(commonOps.java:119)
	at utilies.commonOps.startSession(commonOps.java:195)
Caused by: java.lang.ClassNotFoundException: io.restassured.RestAssured
	at java.net.URLClassLoader.findClass(URLClassLoader.java:382)
	at java.lang.ClassLoader.loadClass(ClassLoader.java:424)
	at sun.misc.Launcher$AppClassLoader.loadClass(Launcher.java:349)
	at java.lang.ClassLoader.loadClass(ClassLoader.java:357)
	... 24 more
... Removed 22 stack frames</div></td></tr></table><p class="totop"><a href="#summary">back to summary</a></p>
<h3 id="m12">tests.studens#closeSession</h3><table class="result"><tr><th class="invisible"/></tr></table><p class="totop"><a href="#summary">back to summary</a></p>
<h3 id="m13">tests.studens#doAfterTest</h3><table class="result"><tr><th class="invisible"/></tr></table><p class="totop"><a href="#summary">back to summary</a></p>
<h3 id="m14">tests.studens#doBeforeTest</h3><table class="result"><tr><th class="invisible"/></tr></table><p class="totop"><a href="#summary">back to summary</a></p>
<h3 id="m15">tests.studens#test03_VerifyStudentCreated</h3><table class="result"><tr><th>Exception</th></tr><tr><td><div class="stacktrace">java.lang.NoClassDefFoundError: io/restassured/RestAssured
	at utilies.commonOps.initAPI(commonOps.java:119)
	at utilies.commonOps.startSession(commonOps.java:195)
Caused by: java.lang.ClassNotFoundException: io.restassured.RestAssured
	at java.net.URLClassLoader.findClass(URLClassLoader.java:382)
	at java.lang.ClassLoader.loadClass(ClassLoader.java:424)
	at sun.misc.Launcher$AppClassLoader.loadClass(Launcher.java:349)
	at java.lang.ClassLoader.loadClass(ClassLoader.java:357)
	... 24 more
... Removed 22 stack frames</div></td></tr></table><p class="totop"><a href="#summary">back to summary</a></p>
<h2>Electorntest</h2><h3 id="m16">tests.electronDemo#startSession</h3><table class="result"><tr class="param"><th>Parameter #1</th></tr><tr class="param stripe"><td>electron</td></tr><tr><th>Exception</th></tr><tr><td><div class="stacktrace">java.lang.IllegalStateException: The driver executable does not exist: /Users/doringber/Downloads/Chrome Downloads/selenium/chromedriver-v3.1.2-mas-x64- electron/chromedriver
	at com.google.common.base.Preconditions.checkState(Preconditions.java:618)
	at org.openqa.selenium.remote.service.DriverService.checkExecutable(DriverService.java:136)
	at org.openqa.selenium.remote.service.DriverService.findExecutable(DriverService.java:131)
	at org.openqa.selenium.chrome.ChromeDriverService.access$000(ChromeDriverService.java:32)
	at org.openqa.selenium.chrome.ChromeDriverService$Builder.findDefaultExecutable(ChromeDriverService.java:137)
	at org.openqa.selenium.remote.service.DriverService$Builder.build(DriverService.java:329)
	at org.openqa.selenium.chrome.ChromeDriverService.createDefaultService(ChromeDriverService.java:88)
	at org.openqa.selenium.chrome.ChromeDriver.&lt;init&gt;(ChromeDriver.java:146)
	at utilies.commonOps.initElectronDriver(commonOps.java:130)
	at utilies.commonOps.startSession(commonOps.java:197)
... Removed 22 stack frames</div></td></tr></table><p class="totop"><a href="#summary">back to summary</a></p>
<h3 id="m17">tests.electronDemo#afterSutie</h3><table class="result"><tr><th class="invisible"/></tr></table><p class="totop"><a href="#summary">back to summary</a></p>
<h3 id="m18">tests.electronDemo#closeSession</h3><table class="result"><tr><th class="invisible"/></tr></table><p class="totop"><a href="#summary">back to summary</a></p>
<h3 id="m19">tests.electronDemo#doAfterTest</h3><table class="result"><tr><th class="invisible"/></tr></table><p class="totop"><a href="#summary">back to summary</a></p>
<h3 id="m20">tests.electronDemo#doBeforeTest</h3><table class="result"><tr><th class="invisible"/></tr></table><p class="totop"><a href="#summary">back to summary</a></p>
<h3 id="m21">tests.electronDemo#test04_GetInfoElectron</h3><table class="result"><tr><th>Exception</th></tr><tr><td><div class="stacktrace">java.lang.IllegalStateException: The driver executable does not exist: /Users/doringber/Downloads/Chrome Downloads/selenium/chromedriver-v3.1.2-mas-x64- electron/chromedriver
	at com.google.common.base.Preconditions.checkState(Preconditions.java:618)
	at org.openqa.selenium.remote.service.DriverService.checkExecutable(DriverService.java:136)
	at org.openqa.selenium.remote.service.DriverService.findExecutable(DriverService.java:131)
	at org.openqa.selenium.chrome.ChromeDriverService.access$000(ChromeDriverService.java:32)
	at org.openqa.selenium.chrome.ChromeDriverService$Builder.findDefaultExecutable(ChromeDriverService.java:137)
	at org.openqa.selenium.remote.service.DriverService$Builder.build(DriverService.java:329)
	at org.openqa.selenium.chrome.ChromeDriverService.createDefaultService(ChromeDriverService.java:88)
	at org.openqa.selenium.chrome.ChromeDriver.&lt;init&gt;(ChromeDriver.java:146)
	at utilies.commonOps.initElectronDriver(commonOps.java:130)
	at utilies.commonOps.startSession(commonOps.java:197)
... Removed 22 stack frames</div></td></tr></table><p class="totop"><a href="#summary">back to summary</a></p>
</body>
</html>
