<!DOCTYPE html>

<html>
  <head>
  <meta charset='utf-8'>
  <title>TestNG reports</title>

    <link type="text/css" href="testng-reports.css" rel="stylesheet" />
    <script type="text/javascript" src="jquery-1.7.1.min.js"></script>
    <script type="text/javascript" src="testng-reports.js"></script>
    <script type="text/javascript" src="https://www.google.com/jsapi"></script>
    <script type='text/javascript'>
      google.load('visualization', '1', {packages:['table']});
      google.setOnLoadCallback(drawTable);
      var suiteTableInitFunctions = new Array();
      var suiteTableData = new Array();
    </script>
    <!--
      <script type="text/javascript" src="jquery-ui/js/jquery-ui-1.8.16.custom.min.js"></script>
     -->
  </head>

  <body>
    <div class="top-banner-root">
      <span class="top-banner-title-font">Test results</span>
      <br/>
      <span class="top-banner-font-1">1 suite</span>
    </div> <!-- top-banner-root -->
    <div class="navigator-root">
      <div class="navigator-suite-header">
        <span>All suites</span>
        <a href="#" class="collapse-all-link" title="Collapse/expand all the suites">
          <img class="collapse-all-icon" src="collapseall.gif">
          </img> <!-- collapse-all-icon -->
        </a> <!-- collapse-all-link -->
      </div> <!-- navigator-suite-header -->
      <div class="suite">
        <div class="rounded-window">
          <div class="suite-header light-rounded-window-top">
            <a href="#" class="navigator-link" panel-name="suite-Suite">
              <span class="suite-name border-skipped">Suite</span>
            </a> <!-- navigator-link -->
          </div> <!-- suite-header light-rounded-window-top -->
          <div class="navigator-suite-content">
            <div class="suite-section-title">
              <span>Info</span>
            </div> <!-- suite-section-title -->
            <div class="suite-section-content">
              <ul>
                <li>
                  <a href="#" class="navigator-link " panel-name="test-xml-Suite">
                    <span>suiteTests.xml</span>
                  </a> <!-- navigator-link  -->
                </li>
                <li>
                  <a href="#" class="navigator-link " panel-name="testlist-Suite">
                    <span class="test-stats">3 tests</span>
                  </a> <!-- navigator-link  -->
                </li>
                <li>
                  <a href="#" class="navigator-link " panel-name="group-Suite">
                    <span>2 groups</span>
                  </a> <!-- navigator-link  -->
                </li>
                <li>
                  <a href="#" class="navigator-link " panel-name="times-Suite">
                    <span>Times</span>
                  </a> <!-- navigator-link  -->
                </li>
                <li>
                  <a href="#" class="navigator-link " panel-name="reporter-Suite">
                    <span>Reporter output</span>
                  </a> <!-- navigator-link  -->
                </li>
                <li>
                  <a href="#" class="navigator-link " panel-name="ignored-methods-Suite">
                    <span>Ignored methods</span>
                  </a> <!-- navigator-link  -->
                </li>
                <li>
                  <a href="#" class="navigator-link " panel-name="chronological-Suite">
                    <span>Chronological view</span>
                  </a> <!-- navigator-link  -->
                </li>
              </ul>
            </div> <!-- suite-section-content -->
            <div class="result-section">
              <div class="suite-section-title">
                <span>Results</span>
              </div> <!-- suite-section-title -->
              <div class="suite-section-content">
                <ul>
                  <li>
                    <span class="method-stats">5 methods,  5 skipped,  </span>
                  </li>
                  <li>
                    <span class="method-list-title skipped">Skipped methods</span>
                    <span class="show-or-hide-methods skipped">
                      <a href="#" panel-name="suite-Suite" class="hide-methods skipped suite-Suite"> (hide)</a> <!-- hide-methods skipped suite-Suite -->
                      <a href="#" panel-name="suite-Suite" class="show-methods skipped suite-Suite"> (show)</a> <!-- show-methods skipped suite-Suite -->
                    </span>
                    <div class="method-list-content skipped suite-Suite">
                      <span>
                        <img width="3%" src="skipped.png"/>
                        <a href="#" class="method navigator-link" panel-name="suite-Suite" title="tests.wikiSearch" hash-for-method="test01_searchWiki">test01_searchWiki</a> <!-- method navigator-link -->
                      </span>
                      <br/>
                      <span>
                        <img width="3%" src="skipped.png"/>
                        <a href="#" class="method navigator-link" panel-name="suite-Suite" title="tests.wikiSearch" hash-for-method="test02_dbQrueyWiki">test02_dbQrueyWiki</a> <!-- method navigator-link -->
                      </span>
                      <br/>
                      <span>
                        <img width="3%" src="skipped.png"/>
                        <a href="#" class="method navigator-link" panel-name="suite-Suite" title="tests.wikiSearch" hash-for-method="test02_dorpWiki">test02_dorpWiki</a> <!-- method navigator-link -->
                      </span>
                      <br/>
                      <span>
                        <img width="3%" src="skipped.png"/>
                        <a href="#" class="method navigator-link" panel-name="suite-Suite" title="tests.studens" hash-for-method="test03_VerifyStudentCreated">test03_VerifyStudentCreated</a> <!-- method navigator-link -->
                      </span>
                      <br/>
                      <span>
                        <img width="3%" src="skipped.png"/>
                        <a href="#" class="method navigator-link" panel-name="suite-Suite" title="tests.electronDemo" hash-for-method="test04_GetInfoElectron">test04_GetInfoElectron</a> <!-- method navigator-link -->
                      </span>
                      <br/>
                    </div> <!-- method-list-content skipped suite-Suite -->
                  </li>
                </ul>
              </div> <!-- suite-section-content -->
            </div> <!-- result-section -->
          </div> <!-- navigator-suite-content -->
        </div> <!-- rounded-window -->
      </div> <!-- suite -->
    </div> <!-- navigator-root -->
    <div class="wrapper">
      <div class="main-panel-root">
        <div panel-name="suite-Suite" class="panel Suite">
          <div class="suite-Suite-class-skipped">
            <div class="main-panel-header rounded-window-top">
              <img src="skipped.png"/>
              <span class="class-name">tests.wikiSearch</span>
            </div> <!-- main-panel-header rounded-window-top -->
            <div class="main-panel-content rounded-window-bottom">
              <div class="method">
                <div class="method-content">
                  <a name="test01_searchWiki">
                  </a> <!-- test01_searchWiki -->
                  <span class="method-name">test01_searchWiki</span>
                  <div class="stack-trace">java.lang.IllegalStateException: The driver executable does not exist: /Users/doringber/Downloads/Chrome Downloads/selenium/chromedriver
	at com.google.common.base.Preconditions.checkState(Preconditions.java:618)
	at org.openqa.selenium.remote.service.DriverService.checkExecutable(DriverService.java:136)
	at org.openqa.selenium.remote.service.DriverService.findExecutable(DriverService.java:131)
	at org.openqa.selenium.chrome.ChromeDriverService.access$000(ChromeDriverService.java:32)
	at org.openqa.selenium.chrome.ChromeDriverService$Builder.findDefaultExecutable(ChromeDriverService.java:137)
	at org.openqa.selenium.remote.service.DriverService$Builder.build(DriverService.java:329)
	at org.openqa.selenium.chrome.ChromeDriverService.createDefaultService(ChromeDriverService.java:88)
	at org.openqa.selenium.chrome.ChromeDriver.&lt;init&gt;(ChromeDriver.java:124)
	at utilies.commonOps.initChromeDriver(commonOps.java:98)
	at utilies.commonOps.initBrowesr(commonOps.java:58)
	at utilies.commonOps.startSession(commonOps.java:190)
... Removed 22 stack frames
</div> <!-- stack-trace -->
                </div> <!-- method-content -->
              </div> <!-- method -->
              <div class="method">
                <div class="method-content">
                  <a name="test02_dbQrueyWiki">
                  </a> <!-- test02_dbQrueyWiki -->
                  <span class="method-name">test02_dbQrueyWiki</span>
                  <div class="stack-trace">java.lang.IllegalStateException: The driver executable does not exist: /Users/doringber/Downloads/Chrome Downloads/selenium/chromedriver
	at com.google.common.base.Preconditions.checkState(Preconditions.java:618)
	at org.openqa.selenium.remote.service.DriverService.checkExecutable(DriverService.java:136)
	at org.openqa.selenium.remote.service.DriverService.findExecutable(DriverService.java:131)
	at org.openqa.selenium.chrome.ChromeDriverService.access$000(ChromeDriverService.java:32)
	at org.openqa.selenium.chrome.ChromeDriverService$Builder.findDefaultExecutable(ChromeDriverService.java:137)
	at org.openqa.selenium.remote.service.DriverService$Builder.build(DriverService.java:329)
	at org.openqa.selenium.chrome.ChromeDriverService.createDefaultService(ChromeDriverService.java:88)
	at org.openqa.selenium.chrome.ChromeDriver.&lt;init&gt;(ChromeDriver.java:124)
	at utilies.commonOps.initChromeDriver(commonOps.java:98)
	at utilies.commonOps.initBrowesr(commonOps.java:58)
	at utilies.commonOps.startSession(commonOps.java:190)
... Removed 22 stack frames
</div> <!-- stack-trace -->
                </div> <!-- method-content -->
              </div> <!-- method -->
              <div class="method">
                <div class="method-content">
                  <a name="test02_dorpWiki">
                  </a> <!-- test02_dorpWiki -->
                  <span class="method-name">test02_dorpWiki</span>
                  <div class="stack-trace">java.lang.IllegalStateException: The driver executable does not exist: /Users/doringber/Downloads/Chrome Downloads/selenium/chromedriver
	at com.google.common.base.Preconditions.checkState(Preconditions.java:618)
	at org.openqa.selenium.remote.service.DriverService.checkExecutable(DriverService.java:136)
	at org.openqa.selenium.remote.service.DriverService.findExecutable(DriverService.java:131)
	at org.openqa.selenium.chrome.ChromeDriverService.access$000(ChromeDriverService.java:32)
	at org.openqa.selenium.chrome.ChromeDriverService$Builder.findDefaultExecutable(ChromeDriverService.java:137)
	at org.openqa.selenium.remote.service.DriverService$Builder.build(DriverService.java:329)
	at org.openqa.selenium.chrome.ChromeDriverService.createDefaultService(ChromeDriverService.java:88)
	at org.openqa.selenium.chrome.ChromeDriver.&lt;init&gt;(ChromeDriver.java:124)
	at utilies.commonOps.initChromeDriver(commonOps.java:98)
	at utilies.commonOps.initBrowesr(commonOps.java:58)
	at utilies.commonOps.startSession(commonOps.java:190)
... Removed 22 stack frames
</div> <!-- stack-trace -->
                </div> <!-- method-content -->
              </div> <!-- method -->
            </div> <!-- main-panel-content rounded-window-bottom -->
          </div> <!-- suite-Suite-class-skipped -->
          <div class="suite-Suite-class-skipped">
            <div class="main-panel-header rounded-window-top">
              <img src="skipped.png"/>
              <span class="class-name">tests.electronDemo</span>
            </div> <!-- main-panel-header rounded-window-top -->
            <div class="main-panel-content rounded-window-bottom">
              <div class="method">
                <div class="method-content">
                  <a name="test04_GetInfoElectron">
                  </a> <!-- test04_GetInfoElectron -->
                  <span class="method-name">test04_GetInfoElectron</span>
                  <div class="stack-trace">java.lang.IllegalStateException: The driver executable does not exist: /Users/doringber/Downloads/Chrome Downloads/selenium/chromedriver-v3.1.2-mas-x64- electron/chromedriver
	at com.google.common.base.Preconditions.checkState(Preconditions.java:618)
	at org.openqa.selenium.remote.service.DriverService.checkExecutable(DriverService.java:136)
	at org.openqa.selenium.remote.service.DriverService.findExecutable(DriverService.java:131)
	at org.openqa.selenium.chrome.ChromeDriverService.access$000(ChromeDriverService.java:32)
	at org.openqa.selenium.chrome.ChromeDriverService$Builder.findDefaultExecutable(ChromeDriverService.java:137)
	at org.openqa.selenium.remote.service.DriverService$Builder.build(DriverService.java:329)
	at org.openqa.selenium.chrome.ChromeDriverService.createDefaultService(ChromeDriverService.java:88)
	at org.openqa.selenium.chrome.ChromeDriver.&lt;init&gt;(ChromeDriver.java:146)
	at utilies.commonOps.initElectronDriver(commonOps.java:130)
	at utilies.commonOps.startSession(commonOps.java:197)
... Removed 22 stack frames
</div> <!-- stack-trace -->
                </div> <!-- method-content -->
              </div> <!-- method -->
            </div> <!-- main-panel-content rounded-window-bottom -->
          </div> <!-- suite-Suite-class-skipped -->
          <div class="suite-Suite-class-skipped">
            <div class="main-panel-header rounded-window-top">
              <img src="skipped.png"/>
              <span class="class-name">tests.studens</span>
            </div> <!-- main-panel-header rounded-window-top -->
            <div class="main-panel-content rounded-window-bottom">
              <div class="method">
                <div class="method-content">
                  <a name="test03_VerifyStudentCreated">
                  </a> <!-- test03_VerifyStudentCreated -->
                  <span class="method-name">test03_VerifyStudentCreated</span>
                  <div class="stack-trace">java.lang.NoClassDefFoundError: io/restassured/RestAssured
	at utilies.commonOps.initAPI(commonOps.java:119)
	at utilies.commonOps.startSession(commonOps.java:195)
Caused by: java.lang.ClassNotFoundException: io.restassured.RestAssured
	at java.net.URLClassLoader.findClass(URLClassLoader.java:382)
	at java.lang.ClassLoader.loadClass(ClassLoader.java:424)
	at sun.misc.Launcher$AppClassLoader.loadClass(Launcher.java:349)
	at java.lang.ClassLoader.loadClass(ClassLoader.java:357)
	... 24 more
... Removed 22 stack frames
</div> <!-- stack-trace -->
                </div> <!-- method-content -->
              </div> <!-- method -->
            </div> <!-- main-panel-content rounded-window-bottom -->
          </div> <!-- suite-Suite-class-skipped -->
        </div> <!-- panel Suite -->
        <div panel-name="test-xml-Suite" class="panel">
          <div class="main-panel-header rounded-window-top">
            <span class="header-content">/Users/doringber/githubProjects/stuff/AutomationProject/updatePro/suiteTests.xml</span>
          </div> <!-- main-panel-header rounded-window-top -->
          <div class="main-panel-content rounded-window-bottom">
            <pre>
&lt;?xml version=&quot;1.0&quot; encoding=&quot;UTF-8&quot;?&gt;
&lt;!DOCTYPE suite SYSTEM &quot;http://testng.org/testng-1.0.dtd&quot;&gt;
&lt;suite name=&quot;Suite&quot;&gt;
  &lt;test name=&quot;WebTest&quot;&gt;
    &lt;parameter name=&quot;platform&quot; value=&quot;web&quot;/&gt;
    &lt;classes&gt;
      &lt;class name=&quot;tests.wikiSearch&quot;/&gt;
    &lt;/classes&gt;
  &lt;/test&gt; &lt;!-- WebTest --&gt;
  &lt;test name=&quot;APItest&quot;&gt;
    &lt;parameter name=&quot;platform&quot; value=&quot;api&quot;/&gt;
    &lt;classes&gt;
      &lt;class name=&quot;tests.studens&quot;/&gt;
    &lt;/classes&gt;
  &lt;/test&gt; &lt;!-- APItest --&gt;
  &lt;test name=&quot;Electorntest&quot;&gt;
    &lt;parameter name=&quot;platform&quot; value=&quot;electron&quot;/&gt;
    &lt;classes&gt;
      &lt;class name=&quot;tests.electronDemo&quot;/&gt;
    &lt;/classes&gt;
  &lt;/test&gt; &lt;!-- Electorntest --&gt;
&lt;/suite&gt; &lt;!-- Suite --&gt;
            </pre>
          </div> <!-- main-panel-content rounded-window-bottom -->
        </div> <!-- panel -->
        <div panel-name="testlist-Suite" class="panel">
          <div class="main-panel-header rounded-window-top">
            <span class="header-content">Tests for Suite</span>
          </div> <!-- main-panel-header rounded-window-top -->
          <div class="main-panel-content rounded-window-bottom">
            <ul>
              <li>
                <span class="test-name">WebTest (1 class)</span>
              </li>
              <li>
                <span class="test-name">APItest (1 class)</span>
              </li>
              <li>
                <span class="test-name">Electorntest (1 class)</span>
              </li>
            </ul>
          </div> <!-- main-panel-content rounded-window-bottom -->
        </div> <!-- panel -->
        <div panel-name="group-Suite" class="panel">
          <div class="main-panel-header rounded-window-top">
            <span class="header-content">Groups for Suite</span>
          </div> <!-- main-panel-header rounded-window-top -->
          <div class="main-panel-content rounded-window-bottom">
            <div class="test-group">
              <span class="test-group-name">DataBase</span>
              <br/>
              <div class="method-in-group">
                <span class="method-in-group-name">test02_dbQrueyWiki</span>
                <br/>
              </div> <!-- method-in-group -->
            </div> <!-- test-group -->
            <div class="test-group">
              <span class="test-group-name">Sanity</span>
              <br/>
              <div class="method-in-group">
                <span class="method-in-group-name">test01_searchWiki</span>
                <br/>
              </div> <!-- method-in-group -->
              <div class="method-in-group">
                <span class="method-in-group-name">test02_dorpWiki</span>
                <br/>
              </div> <!-- method-in-group -->
            </div> <!-- test-group -->
          </div> <!-- main-panel-content rounded-window-bottom -->
        </div> <!-- panel -->
        <div panel-name="times-Suite" class="panel">
          <div class="main-panel-header rounded-window-top">
            <span class="header-content">Times for Suite</span>
          </div> <!-- main-panel-header rounded-window-top -->
          <div class="main-panel-content rounded-window-bottom">
            <div class="times-div">
              <script type="text/javascript">
suiteTableInitFunctions.push('tableData_Suite');
function tableData_Suite() {
var data = new google.visualization.DataTable();
data.addColumn('number', 'Number');
data.addColumn('string', 'Method');
data.addColumn('string', 'Class');
data.addColumn('number', 'Time (ms)');
data.addRows(5);
data.setCell(0, 0, 0)
data.setCell(0, 1, 'test01_searchWiki')
data.setCell(0, 2, 'tests.wikiSearch')
data.setCell(0, 3, 0);
data.setCell(1, 0, 1)
data.setCell(1, 1, 'test02_dbQrueyWiki')
data.setCell(1, 2, 'tests.wikiSearch')
data.setCell(1, 3, 0);
data.setCell(2, 0, 2)
data.setCell(2, 1, 'test02_dorpWiki')
data.setCell(2, 2, 'tests.wikiSearch')
data.setCell(2, 3, 0);
data.setCell(3, 0, 3)
data.setCell(3, 1, 'test03_VerifyStudentCreated')
data.setCell(3, 2, 'tests.studens')
data.setCell(3, 3, 0);
data.setCell(4, 0, 4)
data.setCell(4, 1, 'test04_GetInfoElectron')
data.setCell(4, 2, 'tests.electronDemo')
data.setCell(4, 3, 0);
window.suiteTableData['Suite']= { tableData: data, tableDiv: 'times-div-Suite'}
return data;
}
              </script>
              <span class="suite-total-time">Total running time: 0 ms</span>
              <div id="times-div-Suite">
              </div> <!-- times-div-Suite -->
            </div> <!-- times-div -->
          </div> <!-- main-panel-content rounded-window-bottom -->
        </div> <!-- panel -->
        <div panel-name="reporter-Suite" class="panel">
          <div class="main-panel-header rounded-window-top">
            <span class="header-content">Reporter output for Suite</span>
          </div> <!-- main-panel-header rounded-window-top -->
          <div class="main-panel-content rounded-window-bottom">
          </div> <!-- main-panel-content rounded-window-bottom -->
        </div> <!-- panel -->
        <div panel-name="ignored-methods-Suite" class="panel">
          <div class="main-panel-header rounded-window-top">
            <span class="header-content">0 ignored methods</span>
          </div> <!-- main-panel-header rounded-window-top -->
          <div class="main-panel-content rounded-window-bottom">
          </div> <!-- main-panel-content rounded-window-bottom -->
        </div> <!-- panel -->
        <div panel-name="chronological-Suite" class="panel">
          <div class="main-panel-header rounded-window-top">
            <span class="header-content">Methods in chronological order</span>
          </div> <!-- main-panel-header rounded-window-top -->
          <div class="main-panel-content rounded-window-bottom">
            <div class="chronological-class">
              <div class="chronological-class-name">tests.electronDemo</div> <!-- chronological-class-name -->
              <div class="configuration-suite before">
                <span class="method-name">starSuite</span>
                <span class="method-start">0 ms</span>
              </div> <!-- configuration-suite before -->
            </div> <!-- chronological-class -->
            <div class="chronological-class">
              <div class="chronological-class-name">tests.wikiSearch</div> <!-- chronological-class-name -->
              <div class="configuration-test before">
                <img src="failed.png">
                </img>
                <span class="method-name">startSession(web)</span>
                <span class="method-start">152 ms</span>
              </div> <!-- configuration-test before -->
            </div> <!-- chronological-class -->
            <div class="chronological-class">
              <div class="chronological-class-name">tests.studens</div> <!-- chronological-class-name -->
              <div class="configuration-test before">
                <img src="failed.png">
                </img>
                <span class="method-name">startSession(api)</span>
                <span class="method-start">276 ms</span>
              </div> <!-- configuration-test before -->
            </div> <!-- chronological-class -->
            <div class="chronological-class">
              <div class="chronological-class-name">tests.electronDemo</div> <!-- chronological-class-name -->
              <div class="configuration-test before">
                <img src="failed.png">
                </img>
                <span class="method-name">startSession(electron)</span>
                <span class="method-start">286 ms</span>
              </div> <!-- configuration-test before -->
          </div> <!-- main-panel-content rounded-window-bottom -->
        </div> <!-- panel -->
      </div> <!-- main-panel-root -->
    </div> <!-- wrapper -->
  </body>
</html>
